<?xml version="1.0" encoding="UTF-8"?>
<!-- Generated by org.testng.reporters.JUnitReportReporter -->
<testsuite hostname="DESKTOP-FQFPM4O" failures="0" tests="1" name="com.abi.test.pageobject.Tests.LoginTest" time="32.727" errors="0" timestamp="23 Apr 2024 07:08:09 GMT" skipped="0">
  <testcase classname="com.abi.test.pageobject.Tests.LoginTest" name="LoginPagevalidTest" time="32.727"/>
</testsuite> <!-- com.abi.test.pageobject.Tests.LoginTest -->
